# JRE version: Java(TM) SE Runtime Environment (24.0.1+9) (build 24.0.1+9-30)
# Java VM: Java HotSpot(TM) 64-Bit Server VM (24.0.1+9-30, mixed mode, sharing, tiered, compressed oops, compressed class ptrs, g1 gc, windows-amd64)
GC Precious Log:
 CardTable entry size: 512
 Card Set container configuration: InlinePtr #cards 5 size 8 Array Of Cards #cards 10 size 36 Howl #buckets 4 coarsen threshold 1843 Howl Bitmap #cards 512 size 80 coarsen threshold 460 Card regions per heap region 1 cards per card region 2048
 CPUs: 12 total, 12 available
 Memory: 7521M
 Large Page Support: Disabled
 NUMA Support: Disabled
 Compressed Oops: Enabled (32-bit)
 Heap Region Size: 1M
 Heap Min Capacity: 8M
 Heap Initial Capacity: 118M
 Heap Max Capacity: 1882M
 Pre-touch: Disabled
 Parallel Workers: 10
 Concurrent Workers: 3
 Concurrent Refinement Workers: 10
 Periodic GC: Disabled
Heap:
 garbage-first heap   total reserved 1927168K, committed 81920K, used 37972K [0x000000008a600000, 0x0000000100000000)
  region size 1024K, 7 young (7168K), 3 survivors (3072K)
 Metaspace       used 41018K, committed 41984K, reserved 1114112K
  class space    used 4751K, committed 5184K, reserved 1048576K
GC Heap History (16 events):
Event: 2.496 GC heap before
{Heap before GC invocations=0 (full 0):
 garbage-first heap   total reserved 1927168K, committed 122880K, used 50292K [0x000000008a600000, 0x0000000100000000)
  region size 1024K, 47 young (48128K), 0 survivors (0K)
 Metaspace       used 12377K, committed 12672K, reserved 1114112K
  class space    used 1231K, committed 1344K, reserved 1048576K
}
Event: 2.512 GC heap after
{Heap after GC invocations=1 (full 0):
 garbage-first heap   total reserved 1927168K, committed 122880K, used 10676K [0x000000008a600000, 0x0000000100000000)
  region size 1024K, 6 young (6144K), 6 survivors (6144K)
 Metaspace       used 12377K, committed 12672K, reserved 1114112K
  class space    used 1231K, committed 1344K, reserved 1048576K
}
Event: 3.958 GC heap before
{Heap before GC invocations=1 (full 0):
 garbage-first heap   total reserved 1927168K, committed 122880K, used 50612K [0x000000008a600000, 0x0000000100000000)
  region size 1024K, 47 young (48128K), 6 survivors (6144K)
 Metaspace       used 21194K, committed 21504K, reserved 1114112K
  class space    used 2236K, committed 2368K, reserved 1048576K
}
Event: 3.980 GC heap after
{Heap after GC invocations=2 (full 0):
 garbage-first heap   total reserved 1927168K, committed 122880K, used 15037K [0x000000008a600000, 0x0000000100000000)
  region size 1024K, 4 young (4096K), 4 survivors (4096K)
 Metaspace       used 21194K, committed 21504K, reserved 1114112K
  class space    used 2236K, committed 2368K, reserved 1048576K
}
Event: 4.871 GC heap before
{Heap before GC invocations=3 (full 0):
 garbage-first heap   total reserved 1927168K, committed 55296K, used 53949K [0x000000008a600000, 0x0000000100000000)
  region size 1024K, 37 young (37888K), 4 survivors (4096K)
 Metaspace       used 25227K, committed 25728K, reserved 1114112K
  class space    used 2659K, committed 2880K, reserved 1048576K
}
Event: 4.894 GC heap after
{Heap after GC invocations=4 (full 0):
 garbage-first heap   total reserved 1927168K, committed 65536K, used 20696K [0x000000008a600000, 0x0000000100000000)
  region size 1024K, 8 young (8192K), 8 survivors (8192K)
 Metaspace       used 25227K, committed 25728K, reserved 1114112K
  class space    used 2659K, committed 2880K, reserved 1048576K
}
Event: 5.396 GC heap before
{Heap before GC invocations=4 (full 0):
 garbage-first heap   total reserved 1927168K, committed 65536K, used 46296K [0x000000008a600000, 0x0000000100000000)
  region size 1024K, 33 young (33792K), 8 survivors (8192K)
 Metaspace       used 27471K, committed 28032K, reserved 1114112K
  class space    used 2902K, committed 3136K, reserved 1048576K
}
Event: 5.422 GC heap after
{Heap after GC invocations=5 (full 0):
 garbage-first heap   total reserved 1927168K, committed 65536K, used 25176K [0x000000008a600000, 0x0000000100000000)
  region size 1024K, 4 young (4096K), 4 survivors (4096K)
 Metaspace       used 27471K, committed 28032K, reserved 1114112K
  class space    used 2902K, committed 3136K, reserved 1048576K
}
Event: 6.398 GC heap before
{Heap before GC invocations=5 (full 0):
 garbage-first heap   total reserved 1927168K, committed 65536K, used 48728K [0x000000008a600000, 0x0000000100000000)
  region size 1024K, 28 young (28672K), 4 survivors (4096K)
 Metaspace       used 30536K, committed 31296K, reserved 1114112K
  class space    used 3314K, committed 3648K, reserved 1048576K
}
Event: 6.415 GC heap after
{Heap after GC invocations=6 (full 0):
 garbage-first heap   total reserved 1927168K, committed 65536K, used 29853K [0x000000008a600000, 0x0000000100000000)
  region size 1024K, 4 young (4096K), 4 survivors (4096K)
 Metaspace       used 30536K, committed 31296K, reserved 1114112K
  class space    used 3314K, committed 3648K, reserved 1048576K
}
Event: 7.068 GC heap before
{Heap before GC invocations=6 (full 0):
 garbage-first heap   total reserved 1927168K, committed 65536K, used 50333K [0x000000008a600000, 0x0000000100000000)
  region size 1024K, 25 young (25600K), 4 survivors (4096K)
 Metaspace       used 34554K, committed 35392K, reserved 1114112K
  class space    used 3923K, committed 4288K, reserved 1048576K
}
Event: 7.084 GC heap after
{Heap after GC invocations=7 (full 0):
 garbage-first heap   total reserved 1927168K, committed 65536K, used 32310K [0x000000008a600000, 0x0000000100000000)
  region size 1024K, 2 young (2048K), 2 survivors (2048K)
 Metaspace       used 34554K, committed 35392K, reserved 1114112K
  class space    used 3923K, committed 4288K, reserved 1048576K
}
Event: 7.205 GC heap before
{Heap before GC invocations=7 (full 0):
 garbage-first heap   total reserved 1927168K, committed 65536K, used 36406K [0x000000008a600000, 0x0000000100000000)
  region size 1024K, 7 young (7168K), 2 survivors (2048K)
 Metaspace       used 35150K, committed 35968K, reserved 1114112K
  class space    used 3999K, committed 4352K, reserved 1048576K
}
Event: 7.213 GC heap after
{Heap after GC invocations=8 (full 0):
 garbage-first heap   total reserved 1927168K, committed 81920K, used 32983K [0x000000008a600000, 0x0000000100000000)
  region size 1024K, 1 young (1024K), 1 survivors (1024K)
 Metaspace       used 35150K, committed 35968K, reserved 1114112K
  class space    used 3999K, committed 4352K, reserved 1048576K
}
Event: 10.629 GC heap before
{Heap before GC invocations=9 (full 0):
 garbage-first heap   total reserved 1927168K, committed 81920K, used 63703K [0x000000008a600000, 0x0000000100000000)
  region size 1024K, 31 young (31744K), 1 survivors (1024K)
 Metaspace       used 40451K, committed 41472K, reserved 1114112K
  class space    used 4685K, committed 5120K, reserved 1048576K
}
Event: 10.642 GC heap after
{Heap after GC invocations=10 (full 0):
 garbage-first heap   total reserved 1927168K, committed 81920K, used 34900K [0x000000008a600000, 0x0000000100000000)
  region size 1024K, 3 young (3072K), 3 survivors (3072K)
 Metaspace       used 40451K, committed 41472K, reserved 1114112K
  class space    used 4685K, committed 5120K, reserved 1048576K
}

