<?xml version="1.0" encoding="UTF-8"?>
<testsuite xmlns:xsi="http://www.w3.org/2001/XMLSchema-instance" xsi:noNamespaceSchemaLocation="https://maven.apache.org/surefire/maven-surefire-plugin/xsd/surefire-test-report-3.0.xsd" version="3.0" name="TestSuite" time="11.035" tests="11" errors="0" skipped="0" failures="0">
  <properties>
[...]
</properties>
  <testcase name="GetAllQuestions" classname="com.transflower.tflassessment.QuestionBankAPITest" time="5.817">
    <system-err><![CDATA[SLF4J: Failed to load class "org.slf4j.impl.StaticLoggerBinder".
SLF4J: Defaulting to no-operation (NOP) logger implementation
SLF4J: See http://www.slf4j.org/codes.html#StaticLoggerBinder for further details.
]]></system-err>
  </testcase>
  <testcase name="GetConcept" classname="com.transflower.tflassessment.QuestionBankAPITest" time="0.032"/>
  <testcase name="GetQuestion" classname="com.transflower.tflassessment.QuestionBankAPITest" time="0.222"/>
  <testcase name="GetQuestions" classname="com.transflower.tflassessment.QuestionBankAPITest" time="0.276"/>
  <testcase name="GetQuestionsBySubjectAndConcept" classname="com.transflower.tflassessment.QuestionBankAPITest" time="0.119"/>
  <testcase name="GetQuestionsBySubjects" classname="com.transflower.tflassessment.QuestionBankAPITest" time="0.087"/>
  <testcase name="GetQuestionsWithSubjectAndConcept" classname="com.transflower.tflassessment.QuestionBankAPITest" time="0.135"/>
  <testcase name="GetSubjectQuestionCount" classname="com.transflower.tflassessment.QuestionBankAPITest" time="0.083"/>
  <testcase name="InsertQuestion" classname="com.transflower.tflassessment.QuestionBankAPITest" time="2.074"/>
  <testcase name="UpdateAnswer" classname="com.transflower.tflassessment.QuestionBankAPITest" time="0.025"/>
  <testcase name="UpdateQuestionOptions" classname="com.transflower.tflassessment.QuestionBankAPITest" time="0.038"/>
</testsuite>