<?xml version="1.0" encoding="UTF-8"?>
<!-- Generated by org.testng.reporters.JUnitXMLReporter -->
<testsuite ignored="0" hostname="LAPTOP-5H4RF4LV" failures="0" tests="4" name="ConceptAPITest" time="3.073" errors="0" timestamp="2025-11-28T16:42:32 IST">
  <testcase classname="com.transflower.tflassessment.ConceptAPITest" name="GetConceptBySubjectId" time="2.867"/>
  <testcase classname="com.transflower.tflassessment.ConceptAPITest" name="InsertConcept" time="0.067"/>
  <testcase classname="com.transflower.tflassessment.ConceptAPITest" name="UpdateConcept" time="0.046"/>
  <testcase classname="com.transflower.tflassessment.ConceptAPITest" name="UpdateSubject" time="0.027"/>
</testsuite> <!-- ConceptAPITest -->
