<?xml version="1.0" encoding="UTF-8"?>
<!-- Generated by org.testng.reporters.JUnitXMLReporter -->
<testsuite ignored="0" hostname="LAPTOP-5H4RF4LV" failures="0" tests="11" name="QuestionBankAPITest" time="9.06" errors="0" timestamp="2025-11-28T19:07:56 IST">
  <testcase classname="com.transflower.tflassessment.QuestionBankAPITest" name="GetAllQuestions" time="5.822"/>
  <testcase classname="com.transflower.tflassessment.QuestionBankAPITest" name="GetConcept" time="0.044"/>
  <testcase classname="com.transflower.tflassessment.QuestionBankAPITest" name="GetQuestion" time="0.22"/>
  <testcase classname="com.transflower.tflassessment.QuestionBankAPITest" name="GetQuestions" time="0.272"/>
  <testcase classname="com.transflower.tflassessment.QuestionBankAPITest" name="GetQuestionsBySubjectAndConcept" time="0.119"/>
  <testcase classname="com.transflower.tflassessment.QuestionBankAPITest" name="GetQuestionsBySubjects" time="0.09"/>
  <testcase classname="com.transflower.tflassessment.QuestionBankAPITest" name="GetQuestionsWithSubjectAndConcept" time="0.139"/>
  <testcase classname="com.transflower.tflassessment.QuestionBankAPITest" name="GetSubjectQuestionCount" time="0.073"/>
  <testcase classname="com.transflower.tflassessment.QuestionBankAPITest" name="InsertQuestion" time="2.076"/>
  <testcase classname="com.transflower.tflassessment.QuestionBankAPITest" name="UpdateAnswer" time="0.025"/>
  <testcase classname="com.transflower.tflassessment.QuestionBankAPITest" name="UpdateQuestionOptions" time="0.044"/>
</testsuite> <!-- QuestionBankAPITest -->
