<?xml version="1.0" encoding="UTF-8"?>
<!-- Generated by org.testng.reporters.JUnitReportReporter -->
<testsuite hostname="LAPTOP-5H4RF4LV" failures="0" tests="24" name="com.transflower.tflassessment.AssessmentAPITest" time="4.369" errors="0" timestamp="2025-11-27T12:20:59 IST" skipped="0">
  <testcase classname="com.transflower.tflassessment.AssessmentAPITest" name="ChangeDuration" time="0.034"/>
  <testcase classname="com.transflower.tflassessment.AssessmentAPITest" name="GetAll" time="0.352"/>
  <testcase classname="com.transflower.tflassessment.AssessmentAPITest" name="GetAllEmployees" time="0.221"/>
  <testcase classname="com.transflower.tflassessment.AssessmentAPITest" name="RemoveQuestion" time="0.016"/>
  <testcase classname="com.transflower.tflassessment.AssessmentAPITest" name="RemoveQuestions" time="0.019"/>
  <testcase classname="com.transflower.tflassessment.AssessmentAPITest" name="GetEmployeeById" time="0.205"/>
  <testcase classname="com.transflower.tflassessment.AssessmentAPITest" name="GetDetails" time="0.193"/>
  <testcase classname="com.transflower.tflassessment.AssessmentAPITest" name="GetQuestionsByConceptId" time="0.237"/>
  <testcase classname="com.transflower.tflassessment.AssessmentAPITest" name="GetConceptsBySubject" time="0.169"/>
  <testcase classname="com.transflower.tflassessment.AssessmentAPITest" name="AddQuestion" time="0.189"/>
  <testcase classname="com.transflower.tflassessment.AssessmentAPITest" name="GetSmeBySubject" time="0.190"/>
  <testcase classname="com.transflower.tflassessment.AssessmentAPITest" name="UpdateQuestion" time="0.151"/>
  <testcase classname="com.transflower.tflassessment.AssessmentAPITest" name="Reschedule" time="0.024"/>
  <testcase classname="com.transflower.tflassessment.AssessmentAPITest" name="CreateTest" time="0.151"/>
  <testcase classname="com.transflower.tflassessment.AssessmentAPITest" name="getConcept" time="0.154"/>
  <testcase classname="com.transflower.tflassessment.AssessmentAPITest" name="GetTestDetails" time="0.113"/>
  <testcase classname="com.transflower.tflassessment.AssessmentAPITest" name="AddTest" time="0.657"/>
  <testcase classname="com.transflower.tflassessment.AssessmentAPITest" name="UpdateTestStatus" time="0.025"/>
  <testcase classname="com.transflower.tflassessment.AssessmentAPITest" name="GetAllAssesment" time="0.256"/>
  <testcase classname="com.transflower.tflassessment.AssessmentAPITest" name="GetAllQuestionsBySubject" time="0.217"/>
  <testcase classname="com.transflower.tflassessment.AssessmentAPITest" name="GetAllTests" time="0.189"/>
  <testcase classname="com.transflower.tflassessment.AssessmentAPITest" name="GetAllBySubjectMatterExpert" time="0.293"/>
  <testcase classname="com.transflower.tflassessment.AssessmentAPITest" name="GetAllTestByEmpId" time="0.163"/>
  <testcase classname="com.transflower.tflassessment.AssessmentAPITest" name="GetAllSubjects" time="0.151"/>
</testsuite> <!-- com.transflower.tflassessment.AssessmentAPITest -->
