<?xml version="1.0" encoding="UTF-8"?>
<!-- Generated by org.testng.reporters.JUnitReportReporter -->
<testsuite hostname="LAPTOP-5H4RF4LV" failures="0" tests="1" name="com.transflower.tflassessment.AssessmentIntelligenceAPITest" time="3.110" errors="0" timestamp="2025-11-27T12:48:07 IST" skipped="0">
  <testcase classname="com.transflower.tflassessment.AssessmentIntelligenceAPITest" name="testGetCandidateResults_shouldReturn200" time="3.110"/>
</testsuite> <!-- com.transflower.tflassessment.AssessmentIntelligenceAPITest -->
