<?xml version="1.0" encoding="UTF-8"?>
<!-- Generated by org.testng.reporters.JUnitReportReporter -->
<testsuite hostname="LAPTOP-5H4RF4LV" failures="0" tests="11" name="com.transflower.tflassessment.QuestionBankAPITest" time="8.924" errors="0" timestamp="2025-11-28T19:07:56 IST" skipped="0">
  <testcase classname="com.transflower.tflassessment.QuestionBankAPITest" name="GetConcept" time="0.044"/>
  <testcase classname="com.transflower.tflassessment.QuestionBankAPITest" name="UpdateAnswer" time="0.025"/>
  <testcase classname="com.transflower.tflassessment.QuestionBankAPITest" name="UpdateQuestionOptions" time="0.044"/>
  <testcase classname="com.transflower.tflassessment.QuestionBankAPITest" name="GetQuestionsWithSubjectAndConcept" time="0.139"/>
  <testcase classname="com.transflower.tflassessment.QuestionBankAPITest" name="GetSubjectQuestionCount" time="0.073"/>
  <testcase classname="com.transflower.tflassessment.QuestionBankAPITest" name="GetAllQuestions" time="5.822"/>
  <testcase classname="com.transflower.tflassessment.QuestionBankAPITest" name="GetQuestions" time="0.272"/>
  <testcase classname="com.transflower.tflassessment.QuestionBankAPITest" name="GetQuestionsBySubjects" time="0.090"/>
  <testcase classname="com.transflower.tflassessment.QuestionBankAPITest" name="GetQuestion" time="0.220"/>
  <testcase classname="com.transflower.tflassessment.QuestionBankAPITest" name="InsertQuestion" time="2.076"/>
  <testcase classname="com.transflower.tflassessment.QuestionBankAPITest" name="GetQuestionsBySubjectAndConcept" time="0.119"/>
</testsuite> <!-- com.transflower.tflassessment.QuestionBankAPITest -->
